c:\school\pg1_template_embree_vs2017_edited\pg1_template_embree_vs2017\src\pg\pg1_embree\x64\debug\pg1_embree.pch
c:\school\pg1_template_embree_vs2017_edited\pg1_template_embree_vs2017\src\pg\pg1_embree\x64\debug\vc141.pdb
c:\school\pg1_template_embree_vs2017_edited\pg1_template_embree_vs2017\src\pg\pg1_embree\x64\debug\vc141.idb
c:\school\pg1_template_embree_vs2017_edited\pg1_template_embree_vs2017\src\pg\pg1_embree\x64\debug\stdafx.obj
c:\school\pg1_template_embree_vs2017_edited\pg1_template_embree_vs2017\src\pg\pg1_embree\x64\debug\vector3.obj
c:\school\pg1_template_embree_vs2017_edited\pg1_template_embree_vs2017\src\pg\pg1_embree\x64\debug\utils.obj
c:\school\pg1_template_embree_vs2017_edited\pg1_template_embree_vs2017\src\pg\pg1_embree\x64\debug\tutorials.obj
c:\school\pg1_template_embree_vs2017_edited\pg1_template_embree_vs2017\src\pg\pg1_embree\x64\debug\triangle.obj
c:\school\pg1_template_embree_vs2017_edited\pg1_template_embree_vs2017\src\pg\pg1_embree\x64\debug\texture.obj
c:\school\pg1_template_embree_vs2017_edited\pg1_template_embree_vs2017\src\pg\pg1_embree\x64\debug\surface.obj
c:\school\pg1_template_embree_vs2017_edited\pg1_template_embree_vs2017\src\pg\pg1_embree\x64\debug\structs.obj
c:\school\pg1_template_embree_vs2017_edited\pg1_template_embree_vs2017\src\pg\pg1_embree\x64\debug\simpleguidx11.obj
c:\school\pg1_template_embree_vs2017_edited\pg1_template_embree_vs2017\src\pg\pg1_embree\x64\debug\pg1_embree.obj
c:\school\pg1_template_embree_vs2017_edited\pg1_template_embree_vs2017\src\pg\pg1_embree\x64\debug\raytracer.obj
c:\school\pg1_template_embree_vs2017_edited\pg1_template_embree_vs2017\src\pg\pg1_embree\x64\debug\objloader.obj
c:\school\pg1_template_embree_vs2017_edited\pg1_template_embree_vs2017\src\pg\pg1_embree\x64\debug\mymath.obj
c:\school\pg1_template_embree_vs2017_edited\pg1_template_embree_vs2017\src\pg\pg1_embree\x64\debug\matrix3x3.obj
c:\school\pg1_template_embree_vs2017_edited\pg1_template_embree_vs2017\src\pg\pg1_embree\x64\debug\material.obj
c:\school\pg1_template_embree_vs2017_edited\pg1_template_embree_vs2017\src\pg\pg1_embree\x64\debug\camera.obj
c:\school\pg1_template_embree_vs2017_edited\pg1_template_embree_vs2017\src\pg\pg1_embree\x64\debug\imgui_impl_win32.obj
c:\school\pg1_template_embree_vs2017_edited\pg1_template_embree_vs2017\src\pg\pg1_embree\x64\debug\imgui_impl_dx11.obj
c:\school\pg1_template_embree_vs2017_edited\pg1_template_embree_vs2017\src\pg\pg1_embree\x64\debug\imgui_draw.obj
c:\school\pg1_template_embree_vs2017_edited\pg1_template_embree_vs2017\src\pg\pg1_embree\x64\debug\imgui_demo.obj
c:\school\pg1_template_embree_vs2017_edited\pg1_template_embree_vs2017\src\pg\pg1_embree\x64\debug\imgui.obj
c:\school\pg1_template_embree_vs2017_edited\pg1_template_embree_vs2017\src\pg\pg1_embree\x64\debug\vertex.obj
c:\users\asus\documents\projekty\pg1_vsb\pg1_template_embree_vs2017\src\pg\pg1_embree\x64\debug\pg1_embree.pch
c:\users\asus\documents\projekty\pg1_vsb\pg1_template_embree_vs2017\src\pg\pg1_embree\x64\debug\vc141.pdb
c:\users\asus\documents\projekty\pg1_vsb\pg1_template_embree_vs2017\src\pg\pg1_embree\x64\debug\vc141.idb
c:\users\asus\documents\projekty\pg1_vsb\pg1_template_embree_vs2017\src\pg\pg1_embree\x64\debug\stdafx.obj
c:\users\asus\documents\projekty\pg1_vsb\pg1_template_embree_vs2017\src\pg\pg1_embree\x64\debug\vector3.obj
c:\users\asus\documents\projekty\pg1_vsb\pg1_template_embree_vs2017\src\pg\pg1_embree\x64\debug\utils.obj
c:\users\asus\documents\projekty\pg1_vsb\pg1_template_embree_vs2017\src\pg\pg1_embree\x64\debug\tutorials.obj
c:\users\asus\documents\projekty\pg1_vsb\pg1_template_embree_vs2017\src\pg\pg1_embree\x64\debug\triangle.obj
c:\users\asus\documents\projekty\pg1_vsb\pg1_template_embree_vs2017\src\pg\pg1_embree\x64\debug\texture.obj
c:\users\asus\documents\projekty\pg1_vsb\pg1_template_embree_vs2017\src\pg\pg1_embree\x64\debug\surface.obj
c:\users\asus\documents\projekty\pg1_vsb\pg1_template_embree_vs2017\src\pg\pg1_embree\x64\debug\structs.obj
c:\users\asus\documents\projekty\pg1_vsb\pg1_template_embree_vs2017\src\pg\pg1_embree\x64\debug\simpleguidx11.obj
c:\users\asus\documents\projekty\pg1_vsb\pg1_template_embree_vs2017\src\pg\pg1_embree\x64\debug\pg1_embree.obj
c:\users\asus\documents\projekty\pg1_vsb\pg1_template_embree_vs2017\src\pg\pg1_embree\x64\debug\raytracer.obj
c:\users\asus\documents\projekty\pg1_vsb\pg1_template_embree_vs2017\src\pg\pg1_embree\x64\debug\objloader.obj
c:\users\asus\documents\projekty\pg1_vsb\pg1_template_embree_vs2017\src\pg\pg1_embree\x64\debug\mymath.obj
c:\users\asus\documents\projekty\pg1_vsb\pg1_template_embree_vs2017\src\pg\pg1_embree\x64\debug\matrix3x3.obj
c:\users\asus\documents\projekty\pg1_vsb\pg1_template_embree_vs2017\src\pg\pg1_embree\x64\debug\material.obj
c:\users\asus\documents\projekty\pg1_vsb\pg1_template_embree_vs2017\src\pg\pg1_embree\x64\debug\camera.obj
c:\users\asus\documents\projekty\pg1_vsb\pg1_template_embree_vs2017\src\pg\pg1_embree\x64\debug\imgui_impl_win32.obj
c:\users\asus\documents\projekty\pg1_vsb\pg1_template_embree_vs2017\src\pg\pg1_embree\x64\debug\imgui_impl_dx11.obj
c:\users\asus\documents\projekty\pg1_vsb\pg1_template_embree_vs2017\src\pg\pg1_embree\x64\debug\imgui_draw.obj
c:\users\asus\documents\projekty\pg1_vsb\pg1_template_embree_vs2017\src\pg\pg1_embree\x64\debug\imgui_demo.obj
c:\users\asus\documents\projekty\pg1_vsb\pg1_template_embree_vs2017\src\pg\pg1_embree\x64\debug\imgui.obj
c:\users\asus\documents\projekty\pg1_vsb\pg1_template_embree_vs2017\src\pg\pg1_embree\x64\debug\vertex.obj
c:\school\pg1_template_embree_vs2017_edited\pg1_template_embree_vs2017\src\pg\x64\debug\pg1_embree.exe
c:\school\pg1_template_embree_vs2017_edited\pg1_template_embree_vs2017\src\pg\x64\debug\pg1_embree.ilk
c:\school\pg1_template_embree_vs2017_edited\pg1_template_embree_vs2017\src\pg\x64\debug\pg1_embree.pdb
c:\users\asus\documents\projekty\pg1_vsb\pg1_template_embree_vs2017\src\pg\x64\debug\pg1_embree.exe
c:\users\asus\documents\projekty\pg1_vsb\pg1_template_embree_vs2017\src\pg\x64\debug\pg1_embree.ilk
c:\users\asus\documents\projekty\pg1_vsb\pg1_template_embree_vs2017\src\pg\x64\debug\pg1_embree.pdb
c:\users\asus\documents\projekty\pg1_vsb\pg1_template_embree_vs2017\src\pg\pg1_embree\x64\debug\pg1_embree.tlog\cl.command.1.tlog
c:\users\asus\documents\projekty\pg1_vsb\pg1_template_embree_vs2017\src\pg\pg1_embree\x64\debug\pg1_embree.tlog\cl.read.1.tlog
c:\users\asus\documents\projekty\pg1_vsb\pg1_template_embree_vs2017\src\pg\pg1_embree\x64\debug\pg1_embree.tlog\cl.write.1.tlog
c:\users\asus\documents\projekty\pg1_vsb\pg1_template_embree_vs2017\src\pg\pg1_embree\x64\debug\pg1_embree.tlog\link.command.1.tlog
c:\users\asus\documents\projekty\pg1_vsb\pg1_template_embree_vs2017\src\pg\pg1_embree\x64\debug\pg1_embree.tlog\link.read.1.tlog
c:\users\asus\documents\projekty\pg1_vsb\pg1_template_embree_vs2017\src\pg\pg1_embree\x64\debug\pg1_embree.tlog\link.write.1.tlog
